<?xml version="1.0" encoding="UTF-8"?>
<!-- Generated by org.testng.reporters.JUnitXMLReporter -->
<testsuite hostname="MacBook-Pro.local" ignored="0" name="Default test" tests="3" failures="0" timestamp="2020-05-01T12:36:36 PDT" time="0.031" errors="0">
  <testcase name="testcase1" time="0.004" classname="com.testng.testcases"/>
  <testcase name="testcase2" time="0.0" classname="com.testng.testcases"/>
  <testcase name="testcase3" time="0.001" classname="com.testng.testcases"/>
</testsuite> <!-- Default test -->
